[debug] [2021-02-04T13:59:58.231Z] ----------------------------------------------------------------------
[debug] [2021-02-04T13:59:58.233Z] Command:       C:\Program Files\nodejs\node.exe C:\Users\Laura\AppData\Roaming\npm\node_modules\firebase-tools\lib\bin\firebase.js deploy
[debug] [2021-02-04T13:59:58.233Z] CLI Version:   9.3.0
[debug] [2021-02-04T13:59:58.233Z] Platform:      win32
[debug] [2021-02-04T13:59:58.234Z] Node Version:  v14.9.0
[debug] [2021-02-04T13:59:58.235Z] Time:          Thu Feb 04 2021 10:59:58 GMT-0300 (hora estándar de Argentina)
[debug] [2021-02-04T13:59:58.235Z] ----------------------------------------------------------------------
[debug] [2021-02-04T13:59:58.235Z] 
[debug] [2021-02-04T13:59:58.243Z] > command requires scopes: ["email","openid","https://www.googleapis.com/auth/cloudplatformprojects.readonly","https://www.googleapis.com/auth/firebase","https://www.googleapis.com/auth/cloud-platform"]
[debug] [2021-02-04T13:59:58.244Z] > authorizing via signed-in user
[debug] [2021-02-04T13:59:58.244Z] [iam] checking project xenta-bcd61 for permissions ["firebase.projects.get","firebasehosting.sites.update"]
[debug] [2021-02-04T13:59:58.248Z] > refreshing access token with scopes: ["email","https://www.googleapis.com/auth/cloud-platform","https://www.googleapis.com/auth/cloudplatformprojects.readonly","https://www.googleapis.com/auth/firebase","openid"]
[debug] [2021-02-04T13:59:58.249Z] >>> HTTP REQUEST POST https://www.googleapis.com/oauth2/v3/token  
 <request body omitted>
[debug] [2021-02-04T13:59:58.426Z] <<< HTTP RESPONSE 200 {"date":"Thu, 04 Feb 2021 13:59:59 GMT","cache-control":"no-cache, no-store, max-age=0, must-revalidate","pragma":"no-cache","expires":"Mon, 01 Jan 1990 00:00:00 GMT","content-type":"application/json; charset=utf-8","vary":"X-Origin, Referer, Origin,Accept-Encoding","server":"scaffolding on HTTPServer2","x-xss-protection":"0","x-frame-options":"SAMEORIGIN","x-content-type-options":"nosniff","alt-svc":"h3-29=\":443\"; ma=2592000,h3-T051=\":443\"; ma=2592000,h3-Q050=\":443\"; ma=2592000,h3-Q046=\":443\"; ma=2592000,h3-Q043=\":443\"; ma=2592000,quic=\":443\"; ma=2592000; v=\"46,43\"","accept-ranges":"none","transfer-encoding":"chunked"}
[debug] [2021-02-04T13:59:58.471Z] >>> HTTP REQUEST POST https://cloudresourcemanager.googleapis.com/v1/projects/xenta-bcd61:testIamPermissions  
 {"permissions":["firebase.projects.get","firebasehosting.sites.update"]}
[debug] [2021-02-04T13:59:59.478Z] <<< HTTP RESPONSE 200 {"content-type":"application/json; charset=UTF-8","vary":"X-Origin, Referer, Origin,Accept-Encoding","date":"Thu, 04 Feb 2021 14:00:00 GMT","server":"ESF","cache-control":"private","x-xss-protection":"0","x-frame-options":"SAMEORIGIN","x-content-type-options":"nosniff","server-timing":"gfet4t7; dur=921","alt-svc":"h3-29=\":443\"; ma=2592000,h3-T051=\":443\"; ma=2592000,h3-Q050=\":443\"; ma=2592000,h3-Q046=\":443\"; ma=2592000,h3-Q043=\":443\"; ma=2592000,quic=\":443\"; ma=2592000; v=\"46,43\"","accept-ranges":"none","transfer-encoding":"chunked"}
[debug] [2021-02-04T13:59:59.482Z] > refreshing access token with scopes: []
[debug] [2021-02-04T13:59:59.482Z] >>> HTTP REQUEST POST https://www.googleapis.com/oauth2/v3/token  
 <request body omitted>
[debug] [2021-02-04T13:59:59.603Z] <<< HTTP RESPONSE 200 {"date":"Thu, 04 Feb 2021 14:00:00 GMT","cache-control":"no-cache, no-store, max-age=0, must-revalidate","pragma":"no-cache","expires":"Mon, 01 Jan 1990 00:00:00 GMT","content-type":"application/json; charset=utf-8","vary":"X-Origin, Referer, Origin,Accept-Encoding","server":"scaffolding on HTTPServer2","x-xss-protection":"0","x-frame-options":"SAMEORIGIN","x-content-type-options":"nosniff","alt-svc":"h3-29=\":443\"; ma=2592000,h3-T051=\":443\"; ma=2592000,h3-Q050=\":443\"; ma=2592000,h3-Q046=\":443\"; ma=2592000,h3-Q043=\":443\"; ma=2592000,quic=\":443\"; ma=2592000; v=\"46,43\"","accept-ranges":"none","transfer-encoding":"chunked"}
[debug] [2021-02-04T13:59:59.638Z] >>> [apiv2][query] GET https://firebase.googleapis.com/v1beta1/projects/xenta-bcd61 [none]
[debug] [2021-02-04T13:59:59.954Z] <<< [apiv2][status] GET https://firebase.googleapis.com/v1beta1/projects/xenta-bcd61 200
[debug] [2021-02-04T13:59:59.954Z] <<< [apiv2][body] GET https://firebase.googleapis.com/v1beta1/projects/xenta-bcd61 {"projectId":"xenta-bcd61","projectNumber":"3819410455","displayName":"Xenta","name":"projects/xenta-bcd61","resources":{"hostingSite":"xenta-bcd61"},"state":"ACTIVE"}
[info] 
[info] === Deploying to 'xenta-bcd61'...
[info] 
[info] i  deploying hosting 
[debug] [2021-02-04T13:59:59.961Z] > refreshing access token with scopes: ["email","https://www.googleapis.com/auth/cloud-platform","https://www.googleapis.com/auth/cloudplatformprojects.readonly","https://www.googleapis.com/auth/firebase","openid"]
[debug] [2021-02-04T13:59:59.961Z] >>> HTTP REQUEST POST https://www.googleapis.com/oauth2/v3/token  
 <request body omitted>
[debug] [2021-02-04T14:00:00.067Z] <<< HTTP RESPONSE 200 {"pragma":"no-cache","cache-control":"no-cache, no-store, max-age=0, must-revalidate","date":"Thu, 04 Feb 2021 14:00:00 GMT","expires":"Mon, 01 Jan 1990 00:00:00 GMT","content-type":"application/json; charset=utf-8","vary":"X-Origin, Referer, Origin,Accept-Encoding","server":"scaffolding on HTTPServer2","x-xss-protection":"0","x-frame-options":"SAMEORIGIN","x-content-type-options":"nosniff","alt-svc":"h3-29=\":443\"; ma=2592000,h3-T051=\":443\"; ma=2592000,h3-Q050=\":443\"; ma=2592000,h3-Q046=\":443\"; ma=2592000,h3-Q043=\":443\"; ma=2592000,quic=\":443\"; ma=2592000; v=\"46,43\"","accept-ranges":"none","transfer-encoding":"chunked"}
[debug] [2021-02-04T14:00:00.092Z] >>> HTTP REQUEST POST https://firebasehosting.googleapis.com/v1beta1/sites/xenta-bcd61/versions  
 {"config":{},"labels":{"deployment-tool":"cli-firebase"}}
[debug] [2021-02-04T14:00:01.908Z] <<< HTTP RESPONSE 200 {"content-type":"application/json; charset=UTF-8","vary":"X-Origin, Referer, Origin,Accept-Encoding","date":"Thu, 04 Feb 2021 14:00:02 GMT","server":"ESF","cache-control":"private","x-xss-protection":"0","x-frame-options":"SAMEORIGIN","x-content-type-options":"nosniff","alt-svc":"h3-29=\":443\"; ma=2592000,h3-T051=\":443\"; ma=2592000,h3-Q050=\":443\"; ma=2592000,h3-Q046=\":443\"; ma=2592000,h3-Q043=\":443\"; ma=2592000,quic=\":443\"; ma=2592000; v=\"46,43\"","accept-ranges":"none","transfer-encoding":"chunked"}
[info] i  hosting[xenta-bcd61]: beginning deploy... 
[info] i  hosting[xenta-bcd61]: found 44 files in public 
[debug] [2021-02-04T14:00:01.992Z] > refreshing access token with scopes: []
[debug] [2021-02-04T14:00:01.992Z] >>> HTTP REQUEST POST https://www.googleapis.com/oauth2/v3/token  
 <request body omitted>
[debug] [2021-02-04T14:00:01.994Z] [hosting] hash cache [cHVibGlj] stored for 44 files
[debug] [2021-02-04T14:00:01.995Z] [hosting][hash queue][FINAL] {"max":63,"min":0,"avg":1.4318181818181819,"active":0,"complete":44,"success":44,"errored":0,"retried":0,"total":44,"elapsed":67}
[debug] [2021-02-04T14:00:02.112Z] <<< HTTP RESPONSE 200 {"date":"Thu, 04 Feb 2021 14:00:02 GMT","cache-control":"no-cache, no-store, max-age=0, must-revalidate","expires":"Mon, 01 Jan 1990 00:00:00 GMT","pragma":"no-cache","content-type":"application/json; charset=utf-8","vary":"X-Origin, Referer, Origin,Accept-Encoding","server":"scaffolding on HTTPServer2","x-xss-protection":"0","x-frame-options":"SAMEORIGIN","x-content-type-options":"nosniff","alt-svc":"h3-29=\":443\"; ma=2592000,h3-T051=\":443\"; ma=2592000,h3-Q050=\":443\"; ma=2592000,h3-Q046=\":443\"; ma=2592000,h3-Q043=\":443\"; ma=2592000,quic=\":443\"; ma=2592000; v=\"46,43\"","accept-ranges":"none","transfer-encoding":"chunked"}
[debug] [2021-02-04T14:00:02.140Z] >>> [apiv2][query] POST https://firebasehosting.googleapis.com/v1beta1/sites/xenta-bcd61/versions/f4602ce353497c45:populateFiles [none]
[debug] [2021-02-04T14:00:02.140Z] >>> [apiv2][body] POST https://firebasehosting.googleapis.com/v1beta1/sites/xenta-bcd61/versions/f4602ce353497c45:populateFiles {"files":{"/404.html":"daa499dd96d8229e73235345702ba32f0793f0c8e5c0d30e40e37a5872be57aa","/bush.glb":"ef4d3c14a26b8ec2ba91db7560b05b1258946addf2e18f32f5779b4249c8f51c","/earth.obj":"3f417690828fa611d11ea7be0144636d29b627588de4f4de735250900fce8706","/finalFantasy.mp3":"162de34aa5846e86dd29a8fe2e365797fb911340ab3c4181b22d1352085365c4","/frozengrass.jpg":"d88228126eb1ab752002bcca59ebb232dcf9c7eb678bb3424ff94d9770ac3036","/gameGif.gif":"3641b422af19bde9ad72a0ab0eb971fb0261bd05c81b938d3dea4d90b2411031","/grassColor.glb":"5c9654d66e3d80f9c6f8c448abfb5b4170cc6ba1b2184851d0b23bcd3d22b29c","/homescreenGrass.jpg":"3e057cb6ad84208ee532a485ce4e8b374bd7386d3077978943b8e71546fe3781","/knight.gltf":"967f8d34974f1bfce071f66a74ffafc1487f16f92c93b675a3322f375bf9eb41","/kujaTheme.mp3":"0dab81626ce11fa086bf5e4c7bf52f7216679d792092a4cc99b0dbea7e9cadc8","/leaftexture.png":"869001bfbae2901f89b70e36c4af8fe5617d8f9bd67e0b4c7eec7f02997d7ca8","/lensflare0.png":"b4174e2ed3a55021797be528087ff550f791b4e0d9ab8fe36876a79b8f338af3","/lensflare3.png":"62c1594bff23b96d775638d740eb039e100545c5a0932b8a7523570c53f1dcbf","/lensflareMoon.png":"90d908d696dc44b94bbfebbd1a91c15c283f4a8f60b1f7ae3f9e618fc1c3af1b","/manifest.json":"aff3449bdc238776f5d6d967f19ec491b36aed5fb7f23ccff6500736fd58494a","/moon.glb":"5707c220e9017588211386e7f330d79cc6b782c309897a0871f5a205aef73a4b","/mytree.glb":"237f95465d34bedd3f9363594c59ec8fd62da3182ca36eba8ce56deb7faa4a33","/robots.txt":"bfe106a3fb878dc83461c86818bf74fc1bdc7f28538ba613cd3e775516ce8b49","/shield.glb":"325ee37a7440def1eac421c84c8744867c928ae57e583e105b8247534b4a2ca1","/sunbump.png":"f154fd19e41ff516cdb2306c44c862bd981a34ee6919e5453037fcc079967d05","/explanationImages/tree.jpg":"03d68a9ed18e243a5bb0309fdbed8ef234288931cd6281fc3e6566e4d27becff","/skyboxImage/bk.jpg":"4e2452bba96a27ceaee807f27db8abf1b0a6ba5aaeb7b82fda29ee2ac3964e7b","/skyboxImage/dn.jpg":"016af15f1b308781acb3402d2c711446a358052687100f9f9408a21b17c95c57","/skyboxImage/ft.jpg":"cd0961f1bf981a0efb7ec899b6d9831dc3d3c7c9060bc357deac770d63f53286","/skyboxImage/Lf.jpg":"5b60947fad7f898fb6ee8dea9a9c95cfaccb1568ce510113b2073ebaf0a1eb74","/skyboxImage/rt.jpg":"23eebbcde25cbb69feba002d6e689b161cdf898a272cd816c397457e2b9076f1","/skyboxImage/up.jpg":"b2fc76675208a8e150bdd0c2152198995cddd0ddc4db582165d36661086895fb","/textures/negx.jpg":"bdb55f184432ac6d5c133fbc5f519e8c2811a008e12cdb825ce7f210fc474c35","/textures/negy.jpg":"c1e5ff844f63a67e0d0114771b062e416f17ef5f07a8bd9d4fa9d84d45719762","/textures/negz.jpg":"6c53361874d22fb58c977420c84b95c85120d34f57fd314b01ba87e80c5d7def","/textures/nightBackground.png":"10dfa8c6c33d2a15d0c2218b5251d2f53e1e4b834174c6598fd031bcf71b3c93","/textures/posx.jpg":"92c1e0815a966b57269809995d68c43d56a0788bf41d7911795e5c0e80f2d9b8","/textures/posy.jpg":"d4e06ee0c288b7288ace83382c3192eec3d8d93181d783d71082ffb9c6423e91","/textures/posz.jpg":"225e7b0ca9ff503e21d6d7fde753ffdb048bdc59f5e473ad8ad49b9329b26d17","/textures/scene.bin":"574d576fdd0771cebf3a9c4af9cf7d19a733ad13e04b805378a73e427d916602","/textures/skyBackground.jpeg":"5965b4a929f2ee939bb462129e825cf961b4ce5f439ed27df7fd0cd90586b244","/textures/skyBackgroundCropped.jpeg":"8df4216b86dff07f8a6af34f425201c585d6fea9774e753e8df2213f04669123","/textures/StandardCubeMap.png":"763ad9881e465a9d2ad69a0cbaec3adf248beb56408d0a348769f2bd42b814a9","/textures/tree.gltf":"2ce9c5c02b124b1fd0d1160b2ae9343dfdea480e768beff607b1088e811732b5","/textures/textures/Bark_Mat_diffuse.jpeg":"ecdf9bd46a41af15c708c1945f87d1601ab2ed0c4907c00562b3b0184aae2f68","/textures/textures/Bark_Mat_occlusion.png":"0c10357b0cba6514e05c9aa2f305d7a93dacab0668bdb646b5bfca93855c7d6e","/textures/textures/Bark_Mat_specularGlossiness.png":"e6d79d12ed2f73ef029b046685194e5276b103bc3b7dc9a404d6ceb62a0b47a4","/textures/textures/Bodhi_front_2_Mat_diffuse.png":"c965a7ee35f09793e561fa81c7aeb97ee5e60c54853873023bfdd1d558eabbae","/index.html":"5a37ae8aa99b2fe54f23935022f84c0fa634e7e3010e617cc1cd90c46831b664"}}
[debug] [2021-02-04T14:00:02.748Z] <<< [apiv2][status] POST https://firebasehosting.googleapis.com/v1beta1/sites/xenta-bcd61/versions/f4602ce353497c45:populateFiles 200
[debug] [2021-02-04T14:00:02.748Z] <<< [apiv2][body] POST https://firebasehosting.googleapis.com/v1beta1/sites/xenta-bcd61/versions/f4602ce353497c45:populateFiles {"uploadRequiredHashes":["162de34aa5846e86dd29a8fe2e365797fb911340ab3c4181b22d1352085365c4","92c1e0815a966b57269809995d68c43d56a0788bf41d7911795e5c0e80f2d9b8","5b60947fad7f898fb6ee8dea9a9c95cfaccb1568ce510113b2073ebaf0a1eb74","ecdf9bd46a41af15c708c1945f87d1601ab2ed0c4907c00562b3b0184aae2f68","b2fc76675208a8e150bdd0c2152198995cddd0ddc4db582165d36661086895fb","0c10357b0cba6514e05c9aa2f305d7a93dacab0668bdb646b5bfca93855c7d6e","225e7b0ca9ff503e21d6d7fde753ffdb048bdc59f5e473ad8ad49b9329b26d17","869001bfbae2901f89b70e36c4af8fe5617d8f9bd67e0b4c7eec7f02997d7ca8","237f95465d34bedd3f9363594c59ec8fd62da3182ca36eba8ce56deb7faa4a33","d4e06ee0c288b7288ace83382c3192eec3d8d93181d783d71082ffb9c6423e91","5a37ae8aa99b2fe54f23935022f84c0fa634e7e3010e617cc1cd90c46831b664","5c9654d66e3d80f9c6f8c448abfb5b4170cc6ba1b2184851d0b23bcd3d22b29c","0dab81626ce11fa086bf5e4c7bf52f7216679d792092a4cc99b0dbea7e9cadc8","c1e5ff844f63a67e0d0114771b062e416f17ef5f07a8bd9d4fa9d84d45719762","f154fd19e41ff516cdb2306c44c862bd981a34ee6919e5453037fcc079967d05","6c53361874d22fb58c977420c84b95c85120d34f57fd314b01ba87e80c5d7def","90d908d696dc44b94bbfebbd1a91c15c283f4a8f60b1f7ae3f9e618fc1c3af1b","763ad9881e465a9d2ad69a0cbaec3adf248beb56408d0a348769f2bd42b814a9","967f8d34974f1bfce071f66a74ffafc1487f16f92c93b675a3322f375bf9eb41","23eebbcde25cbb69feba002d6e689b161cdf898a272cd816c397457e2b9076f1","3e057cb6ad84208ee532a485ce4e8b374bd7386d3077978943b8e71546fe3781","325ee37a7440def1eac421c84c8744867c928ae57e583e105b8247534b4a2ca1","3641b422af19bde9ad72a0ab0eb971fb0261bd05c81b938d3dea4d90b2411031","4e2452bba96a27ceaee807f27db8abf1b0a6ba5aaeb7b82fda29ee2ac3964e7b","e6d79d12ed2f73ef029b046685194e5276b103bc3b7dc9a404d6ceb62a0b47a4","cd0961f1bf981a0efb7ec899b6d9831dc3d3c7c9060bc357deac770d63f53286","016af15f1b308781acb3402d2c711446a358052687100f9f9408a21b17c95c57","5965b4a929f2ee939bb462129e825cf961b4ce5f439ed27df7fd0cd90586b244","8df4216b86dff07f8a6af34f425201c585d6fea9774e753e8df2213f04669123","10dfa8c6c33d2a15d0c2218b5251d2f53e1e4b834174c6598fd031bcf71b3c93","3f417690828fa611d11ea7be0144636d29b627588de4f4de735250900fce8706","574d576fdd0771cebf3a9c4af9cf7d19a733ad13e04b805378a73e427d916602","bdb55f184432ac6d5c133fbc5f519e8c2811a008e12cdb825ce7f210fc474c35"],"uploadUrl":"https://upload-firebasehosting.googleapis.com/upload/sites/xenta-bcd61/versions/f4602ce353497c45/files"}
[debug] [2021-02-04T14:00:02.763Z] >>> [apiv2][query] POST https://upload-firebasehosting.googleapis.com/upload/sites/xenta-bcd61/versions/f4602ce353497c45/files/162de34aa5846e86dd29a8fe2e365797fb911340ab3c4181b22d1352085365c4 [none]
[debug] [2021-02-04T14:00:02.763Z] >>> [apiv2][body] POST https://upload-firebasehosting.googleapis.com/upload/sites/xenta-bcd61/versions/f4602ce353497c45/files/162de34aa5846e86dd29a8fe2e365797fb911340ab3c4181b22d1352085365c4 [stream]
[debug] [2021-02-04T14:00:02.764Z] >>> [apiv2][query] POST https://upload-firebasehosting.googleapis.com/upload/sites/xenta-bcd61/versions/f4602ce353497c45/files/92c1e0815a966b57269809995d68c43d56a0788bf41d7911795e5c0e80f2d9b8 [none]
[debug] [2021-02-04T14:00:02.765Z] >>> [apiv2][body] POST https://upload-firebasehosting.googleapis.com/upload/sites/xenta-bcd61/versions/f4602ce353497c45/files/92c1e0815a966b57269809995d68c43d56a0788bf41d7911795e5c0e80f2d9b8 [stream]
[debug] [2021-02-04T14:00:02.766Z] >>> [apiv2][query] POST https://upload-firebasehosting.googleapis.com/upload/sites/xenta-bcd61/versions/f4602ce353497c45/files/5b60947fad7f898fb6ee8dea9a9c95cfaccb1568ce510113b2073ebaf0a1eb74 [none]
[debug] [2021-02-04T14:00:02.766Z] >>> [apiv2][body] POST https://upload-firebasehosting.googleapis.com/upload/sites/xenta-bcd61/versions/f4602ce353497c45/files/5b60947fad7f898fb6ee8dea9a9c95cfaccb1568ce510113b2073ebaf0a1eb74 [stream]
[debug] [2021-02-04T14:00:02.767Z] >>> [apiv2][query] POST https://upload-firebasehosting.googleapis.com/upload/sites/xenta-bcd61/versions/f4602ce353497c45/files/ecdf9bd46a41af15c708c1945f87d1601ab2ed0c4907c00562b3b0184aae2f68 [none]
[debug] [2021-02-04T14:00:02.767Z] >>> [apiv2][body] POST https://upload-firebasehosting.googleapis.com/upload/sites/xenta-bcd61/versions/f4602ce353497c45/files/ecdf9bd46a41af15c708c1945f87d1601ab2ed0c4907c00562b3b0184aae2f68 [stream]
[debug] [2021-02-04T14:00:02.768Z] >>> [apiv2][query] POST https://upload-firebasehosting.googleapis.com/upload/sites/xenta-bcd61/versions/f4602ce353497c45/files/b2fc76675208a8e150bdd0c2152198995cddd0ddc4db582165d36661086895fb [none]
[debug] [2021-02-04T14:00:02.768Z] >>> [apiv2][body] POST https://upload-firebasehosting.googleapis.com/upload/sites/xenta-bcd61/versions/f4602ce353497c45/files/b2fc76675208a8e150bdd0c2152198995cddd0ddc4db582165d36661086895fb [stream]
[debug] [2021-02-04T14:00:02.769Z] >>> [apiv2][query] POST https://upload-firebasehosting.googleapis.com/upload/sites/xenta-bcd61/versions/f4602ce353497c45/files/0c10357b0cba6514e05c9aa2f305d7a93dacab0668bdb646b5bfca93855c7d6e [none]
[debug] [2021-02-04T14:00:02.769Z] >>> [apiv2][body] POST https://upload-firebasehosting.googleapis.com/upload/sites/xenta-bcd61/versions/f4602ce353497c45/files/0c10357b0cba6514e05c9aa2f305d7a93dacab0668bdb646b5bfca93855c7d6e [stream]
[debug] [2021-02-04T14:00:02.770Z] >>> [apiv2][query] POST https://upload-firebasehosting.googleapis.com/upload/sites/xenta-bcd61/versions/f4602ce353497c45/files/225e7b0ca9ff503e21d6d7fde753ffdb048bdc59f5e473ad8ad49b9329b26d17 [none]
[debug] [2021-02-04T14:00:02.771Z] >>> [apiv2][body] POST https://upload-firebasehosting.googleapis.com/upload/sites/xenta-bcd61/versions/f4602ce353497c45/files/225e7b0ca9ff503e21d6d7fde753ffdb048bdc59f5e473ad8ad49b9329b26d17 [stream]
[debug] [2021-02-04T14:00:02.772Z] >>> [apiv2][query] POST https://upload-firebasehosting.googleapis.com/upload/sites/xenta-bcd61/versions/f4602ce353497c45/files/869001bfbae2901f89b70e36c4af8fe5617d8f9bd67e0b4c7eec7f02997d7ca8 [none]
[debug] [2021-02-04T14:00:02.772Z] >>> [apiv2][body] POST https://upload-firebasehosting.googleapis.com/upload/sites/xenta-bcd61/versions/f4602ce353497c45/files/869001bfbae2901f89b70e36c4af8fe5617d8f9bd67e0b4c7eec7f02997d7ca8 [stream]
[debug] [2021-02-04T14:00:02.773Z] >>> [apiv2][query] POST https://upload-firebasehosting.googleapis.com/upload/sites/xenta-bcd61/versions/f4602ce353497c45/files/237f95465d34bedd3f9363594c59ec8fd62da3182ca36eba8ce56deb7faa4a33 [none]
[debug] [2021-02-04T14:00:02.774Z] >>> [apiv2][body] POST https://upload-firebasehosting.googleapis.com/upload/sites/xenta-bcd61/versions/f4602ce353497c45/files/237f95465d34bedd3f9363594c59ec8fd62da3182ca36eba8ce56deb7faa4a33 [stream]
[debug] [2021-02-04T14:00:02.775Z] >>> [apiv2][query] POST https://upload-firebasehosting.googleapis.com/upload/sites/xenta-bcd61/versions/f4602ce353497c45/files/d4e06ee0c288b7288ace83382c3192eec3d8d93181d783d71082ffb9c6423e91 [none]
[debug] [2021-02-04T14:00:02.775Z] >>> [apiv2][body] POST https://upload-firebasehosting.googleapis.com/upload/sites/xenta-bcd61/versions/f4602ce353497c45/files/d4e06ee0c288b7288ace83382c3192eec3d8d93181d783d71082ffb9c6423e91 [stream]
[debug] [2021-02-04T14:00:02.776Z] >>> [apiv2][query] POST https://upload-firebasehosting.googleapis.com/upload/sites/xenta-bcd61/versions/f4602ce353497c45/files/5a37ae8aa99b2fe54f23935022f84c0fa634e7e3010e617cc1cd90c46831b664 [none]
[debug] [2021-02-04T14:00:02.776Z] >>> [apiv2][body] POST https://upload-firebasehosting.googleapis.com/upload/sites/xenta-bcd61/versions/f4602ce353497c45/files/5a37ae8aa99b2fe54f23935022f84c0fa634e7e3010e617cc1cd90c46831b664 [stream]
[debug] [2021-02-04T14:00:02.777Z] >>> [apiv2][query] POST https://upload-firebasehosting.googleapis.com/upload/sites/xenta-bcd61/versions/f4602ce353497c45/files/5c9654d66e3d80f9c6f8c448abfb5b4170cc6ba1b2184851d0b23bcd3d22b29c [none]
[debug] [2021-02-04T14:00:02.778Z] >>> [apiv2][body] POST https://upload-firebasehosting.googleapis.com/upload/sites/xenta-bcd61/versions/f4602ce353497c45/files/5c9654d66e3d80f9c6f8c448abfb5b4170cc6ba1b2184851d0b23bcd3d22b29c [stream]
[debug] [2021-02-04T14:00:02.778Z] >>> [apiv2][query] POST https://upload-firebasehosting.googleapis.com/upload/sites/xenta-bcd61/versions/f4602ce353497c45/files/0dab81626ce11fa086bf5e4c7bf52f7216679d792092a4cc99b0dbea7e9cadc8 [none]
[debug] [2021-02-04T14:00:02.778Z] >>> [apiv2][body] POST https://upload-firebasehosting.googleapis.com/upload/sites/xenta-bcd61/versions/f4602ce353497c45/files/0dab81626ce11fa086bf5e4c7bf52f7216679d792092a4cc99b0dbea7e9cadc8 [stream]
[debug] [2021-02-04T14:00:02.779Z] >>> [apiv2][query] POST https://upload-firebasehosting.googleapis.com/upload/sites/xenta-bcd61/versions/f4602ce353497c45/files/c1e5ff844f63a67e0d0114771b062e416f17ef5f07a8bd9d4fa9d84d45719762 [none]
[debug] [2021-02-04T14:00:02.779Z] >>> [apiv2][body] POST https://upload-firebasehosting.googleapis.com/upload/sites/xenta-bcd61/versions/f4602ce353497c45/files/c1e5ff844f63a67e0d0114771b062e416f17ef5f07a8bd9d4fa9d84d45719762 [stream]
[debug] [2021-02-04T14:00:02.779Z] >>> [apiv2][query] POST https://upload-firebasehosting.googleapis.com/upload/sites/xenta-bcd61/versions/f4602ce353497c45/files/f154fd19e41ff516cdb2306c44c862bd981a34ee6919e5453037fcc079967d05 [none]
[debug] [2021-02-04T14:00:02.780Z] >>> [apiv2][body] POST https://upload-firebasehosting.googleapis.com/upload/sites/xenta-bcd61/versions/f4602ce353497c45/files/f154fd19e41ff516cdb2306c44c862bd981a34ee6919e5453037fcc079967d05 [stream]
[debug] [2021-02-04T14:00:02.780Z] >>> [apiv2][query] POST https://upload-firebasehosting.googleapis.com/upload/sites/xenta-bcd61/versions/f4602ce353497c45/files/6c53361874d22fb58c977420c84b95c85120d34f57fd314b01ba87e80c5d7def [none]
[debug] [2021-02-04T14:00:02.780Z] >>> [apiv2][body] POST https://upload-firebasehosting.googleapis.com/upload/sites/xenta-bcd61/versions/f4602ce353497c45/files/6c53361874d22fb58c977420c84b95c85120d34f57fd314b01ba87e80c5d7def [stream]
[debug] [2021-02-04T14:00:02.781Z] >>> [apiv2][query] POST https://upload-firebasehosting.googleapis.com/upload/sites/xenta-bcd61/versions/f4602ce353497c45/files/90d908d696dc44b94bbfebbd1a91c15c283f4a8f60b1f7ae3f9e618fc1c3af1b [none]
[debug] [2021-02-04T14:00:02.781Z] >>> [apiv2][body] POST https://upload-firebasehosting.googleapis.com/upload/sites/xenta-bcd61/versions/f4602ce353497c45/files/90d908d696dc44b94bbfebbd1a91c15c283f4a8f60b1f7ae3f9e618fc1c3af1b [stream]
[debug] [2021-02-04T14:00:02.781Z] >>> [apiv2][query] POST https://upload-firebasehosting.googleapis.com/upload/sites/xenta-bcd61/versions/f4602ce353497c45/files/763ad9881e465a9d2ad69a0cbaec3adf248beb56408d0a348769f2bd42b814a9 [none]
[debug] [2021-02-04T14:00:02.781Z] >>> [apiv2][body] POST https://upload-firebasehosting.googleapis.com/upload/sites/xenta-bcd61/versions/f4602ce353497c45/files/763ad9881e465a9d2ad69a0cbaec3adf248beb56408d0a348769f2bd42b814a9 [stream]
[debug] [2021-02-04T14:00:02.782Z] >>> [apiv2][query] POST https://upload-firebasehosting.googleapis.com/upload/sites/xenta-bcd61/versions/f4602ce353497c45/files/967f8d34974f1bfce071f66a74ffafc1487f16f92c93b675a3322f375bf9eb41 [none]
[debug] [2021-02-04T14:00:02.782Z] >>> [apiv2][body] POST https://upload-firebasehosting.googleapis.com/upload/sites/xenta-bcd61/versions/f4602ce353497c45/files/967f8d34974f1bfce071f66a74ffafc1487f16f92c93b675a3322f375bf9eb41 [stream]
[debug] [2021-02-04T14:00:02.783Z] >>> [apiv2][query] POST https://upload-firebasehosting.googleapis.com/upload/sites/xenta-bcd61/versions/f4602ce353497c45/files/23eebbcde25cbb69feba002d6e689b161cdf898a272cd816c397457e2b9076f1 [none]
[debug] [2021-02-04T14:00:02.783Z] >>> [apiv2][body] POST https://upload-firebasehosting.googleapis.com/upload/sites/xenta-bcd61/versions/f4602ce353497c45/files/23eebbcde25cbb69feba002d6e689b161cdf898a272cd816c397457e2b9076f1 [stream]
[debug] [2021-02-04T14:00:02.783Z] >>> [apiv2][query] POST https://upload-firebasehosting.googleapis.com/upload/sites/xenta-bcd61/versions/f4602ce353497c45/files/3e057cb6ad84208ee532a485ce4e8b374bd7386d3077978943b8e71546fe3781 [none]
[debug] [2021-02-04T14:00:02.783Z] >>> [apiv2][body] POST https://upload-firebasehosting.googleapis.com/upload/sites/xenta-bcd61/versions/f4602ce353497c45/files/3e057cb6ad84208ee532a485ce4e8b374bd7386d3077978943b8e71546fe3781 [stream]
[debug] [2021-02-04T14:00:02.784Z] >>> [apiv2][query] POST https://upload-firebasehosting.googleapis.com/upload/sites/xenta-bcd61/versions/f4602ce353497c45/files/325ee37a7440def1eac421c84c8744867c928ae57e583e105b8247534b4a2ca1 [none]
[debug] [2021-02-04T14:00:02.784Z] >>> [apiv2][body] POST https://upload-firebasehosting.googleapis.com/upload/sites/xenta-bcd61/versions/f4602ce353497c45/files/325ee37a7440def1eac421c84c8744867c928ae57e583e105b8247534b4a2ca1 [stream]
[debug] [2021-02-04T14:00:02.785Z] >>> [apiv2][query] POST https://upload-firebasehosting.googleapis.com/upload/sites/xenta-bcd61/versions/f4602ce353497c45/files/3641b422af19bde9ad72a0ab0eb971fb0261bd05c81b938d3dea4d90b2411031 [none]
[debug] [2021-02-04T14:00:02.785Z] >>> [apiv2][body] POST https://upload-firebasehosting.googleapis.com/upload/sites/xenta-bcd61/versions/f4602ce353497c45/files/3641b422af19bde9ad72a0ab0eb971fb0261bd05c81b938d3dea4d90b2411031 [stream]
[debug] [2021-02-04T14:00:02.785Z] >>> [apiv2][query] POST https://upload-firebasehosting.googleapis.com/upload/sites/xenta-bcd61/versions/f4602ce353497c45/files/4e2452bba96a27ceaee807f27db8abf1b0a6ba5aaeb7b82fda29ee2ac3964e7b [none]
[debug] [2021-02-04T14:00:02.785Z] >>> [apiv2][body] POST https://upload-firebasehosting.googleapis.com/upload/sites/xenta-bcd61/versions/f4602ce353497c45/files/4e2452bba96a27ceaee807f27db8abf1b0a6ba5aaeb7b82fda29ee2ac3964e7b [stream]
[debug] [2021-02-04T14:00:02.786Z] >>> [apiv2][query] POST https://upload-firebasehosting.googleapis.com/upload/sites/xenta-bcd61/versions/f4602ce353497c45/files/e6d79d12ed2f73ef029b046685194e5276b103bc3b7dc9a404d6ceb62a0b47a4 [none]
[debug] [2021-02-04T14:00:02.786Z] >>> [apiv2][body] POST https://upload-firebasehosting.googleapis.com/upload/sites/xenta-bcd61/versions/f4602ce353497c45/files/e6d79d12ed2f73ef029b046685194e5276b103bc3b7dc9a404d6ceb62a0b47a4 [stream]
[debug] [2021-02-04T14:00:02.786Z] >>> [apiv2][query] POST https://upload-firebasehosting.googleapis.com/upload/sites/xenta-bcd61/versions/f4602ce353497c45/files/cd0961f1bf981a0efb7ec899b6d9831dc3d3c7c9060bc357deac770d63f53286 [none]
[debug] [2021-02-04T14:00:02.787Z] >>> [apiv2][body] POST https://upload-firebasehosting.googleapis.com/upload/sites/xenta-bcd61/versions/f4602ce353497c45/files/cd0961f1bf981a0efb7ec899b6d9831dc3d3c7c9060bc357deac770d63f53286 [stream]
[debug] [2021-02-04T14:00:02.787Z] >>> [apiv2][query] POST https://upload-firebasehosting.googleapis.com/upload/sites/xenta-bcd61/versions/f4602ce353497c45/files/016af15f1b308781acb3402d2c711446a358052687100f9f9408a21b17c95c57 [none]
[debug] [2021-02-04T14:00:02.787Z] >>> [apiv2][body] POST https://upload-firebasehosting.googleapis.com/upload/sites/xenta-bcd61/versions/f4602ce353497c45/files/016af15f1b308781acb3402d2c711446a358052687100f9f9408a21b17c95c57 [stream]
[debug] [2021-02-04T14:00:02.788Z] >>> [apiv2][query] POST https://upload-firebasehosting.googleapis.com/upload/sites/xenta-bcd61/versions/f4602ce353497c45/files/5965b4a929f2ee939bb462129e825cf961b4ce5f439ed27df7fd0cd90586b244 [none]
[debug] [2021-02-04T14:00:02.788Z] >>> [apiv2][body] POST https://upload-firebasehosting.googleapis.com/upload/sites/xenta-bcd61/versions/f4602ce353497c45/files/5965b4a929f2ee939bb462129e825cf961b4ce5f439ed27df7fd0cd90586b244 [stream]
[debug] [2021-02-04T14:00:02.788Z] >>> [apiv2][query] POST https://upload-firebasehosting.googleapis.com/upload/sites/xenta-bcd61/versions/f4602ce353497c45/files/8df4216b86dff07f8a6af34f425201c585d6fea9774e753e8df2213f04669123 [none]
[debug] [2021-02-04T14:00:02.788Z] >>> [apiv2][body] POST https://upload-firebasehosting.googleapis.com/upload/sites/xenta-bcd61/versions/f4602ce353497c45/files/8df4216b86dff07f8a6af34f425201c585d6fea9774e753e8df2213f04669123 [stream]
[debug] [2021-02-04T14:00:02.789Z] >>> [apiv2][query] POST https://upload-firebasehosting.googleapis.com/upload/sites/xenta-bcd61/versions/f4602ce353497c45/files/10dfa8c6c33d2a15d0c2218b5251d2f53e1e4b834174c6598fd031bcf71b3c93 [none]
[debug] [2021-02-04T14:00:02.789Z] >>> [apiv2][body] POST https://upload-firebasehosting.googleapis.com/upload/sites/xenta-bcd61/versions/f4602ce353497c45/files/10dfa8c6c33d2a15d0c2218b5251d2f53e1e4b834174c6598fd031bcf71b3c93 [stream]
[debug] [2021-02-04T14:00:02.789Z] >>> [apiv2][query] POST https://upload-firebasehosting.googleapis.com/upload/sites/xenta-bcd61/versions/f4602ce353497c45/files/3f417690828fa611d11ea7be0144636d29b627588de4f4de735250900fce8706 [none]
[debug] [2021-02-04T14:00:02.790Z] >>> [apiv2][body] POST https://upload-firebasehosting.googleapis.com/upload/sites/xenta-bcd61/versions/f4602ce353497c45/files/3f417690828fa611d11ea7be0144636d29b627588de4f4de735250900fce8706 [stream]
[debug] [2021-02-04T14:00:02.790Z] >>> [apiv2][query] POST https://upload-firebasehosting.googleapis.com/upload/sites/xenta-bcd61/versions/f4602ce353497c45/files/574d576fdd0771cebf3a9c4af9cf7d19a733ad13e04b805378a73e427d916602 [none]
[debug] [2021-02-04T14:00:02.790Z] >>> [apiv2][body] POST https://upload-firebasehosting.googleapis.com/upload/sites/xenta-bcd61/versions/f4602ce353497c45/files/574d576fdd0771cebf3a9c4af9cf7d19a733ad13e04b805378a73e427d916602 [stream]
[debug] [2021-02-04T14:00:02.791Z] >>> [apiv2][query] POST https://upload-firebasehosting.googleapis.com/upload/sites/xenta-bcd61/versions/f4602ce353497c45/files/bdb55f184432ac6d5c133fbc5f519e8c2811a008e12cdb825ce7f210fc474c35 [none]
[debug] [2021-02-04T14:00:02.791Z] >>> [apiv2][body] POST https://upload-firebasehosting.googleapis.com/upload/sites/xenta-bcd61/versions/f4602ce353497c45/files/bdb55f184432ac6d5c133fbc5f519e8c2811a008e12cdb825ce7f210fc474c35 [stream]
[debug] [2021-02-04T14:00:02.792Z] [hosting][populate queue][FINAL] {"max":771,"min":771,"avg":771,"active":0,"complete":1,"success":1,"errored":0,"retried":0,"total":1,"elapsed":800}
[debug] [2021-02-04T14:00:02.792Z] [hosting] uploads queued: 33
[debug] [2021-02-04T14:00:05.913Z] <<< [apiv2][status] POST https://upload-firebasehosting.googleapis.com/upload/sites/xenta-bcd61/versions/f4602ce353497c45/files/5a37ae8aa99b2fe54f23935022f84c0fa634e7e3010e617cc1cd90c46831b664 200
[debug] [2021-02-04T14:00:05.913Z] <<< [apiv2][body] POST https://upload-firebasehosting.googleapis.com/upload/sites/xenta-bcd61/versions/f4602ce353497c45/files/5a37ae8aa99b2fe54f23935022f84c0fa634e7e3010e617cc1cd90c46831b664 [stream]
[debug] [2021-02-04T14:00:22.766Z] [uploadQueue] Retrying task 0dab81626ce11fa086bf5e4c7bf52f7216679d792092a4cc99b0dbea7e9cadc8
[debug] [2021-02-04T14:00:22.767Z] >>> [apiv2][query] POST https://upload-firebasehosting.googleapis.com/upload/sites/xenta-bcd61/versions/f4602ce353497c45/files/0dab81626ce11fa086bf5e4c7bf52f7216679d792092a4cc99b0dbea7e9cadc8 [none]
[debug] [2021-02-04T14:00:22.767Z] >>> [apiv2][body] POST https://upload-firebasehosting.googleapis.com/upload/sites/xenta-bcd61/versions/f4602ce353497c45/files/0dab81626ce11fa086bf5e4c7bf52f7216679d792092a4cc99b0dbea7e9cadc8 [stream]
[debug] [2021-02-04T14:00:33.150Z] [uploadQueue] Retrying task 92c1e0815a966b57269809995d68c43d56a0788bf41d7911795e5c0e80f2d9b8
[debug] [2021-02-04T14:00:33.151Z] >>> [apiv2][query] POST https://upload-firebasehosting.googleapis.com/upload/sites/xenta-bcd61/versions/f4602ce353497c45/files/92c1e0815a966b57269809995d68c43d56a0788bf41d7911795e5c0e80f2d9b8 [none]
[debug] [2021-02-04T14:00:33.152Z] >>> [apiv2][body] POST https://upload-firebasehosting.googleapis.com/upload/sites/xenta-bcd61/versions/f4602ce353497c45/files/92c1e0815a966b57269809995d68c43d56a0788bf41d7911795e5c0e80f2d9b8 [stream]
[debug] [2021-02-04T14:00:33.152Z] [uploadQueue] Retrying task 5b60947fad7f898fb6ee8dea9a9c95cfaccb1568ce510113b2073ebaf0a1eb74
[debug] [2021-02-04T14:00:33.153Z] >>> [apiv2][query] POST https://upload-firebasehosting.googleapis.com/upload/sites/xenta-bcd61/versions/f4602ce353497c45/files/5b60947fad7f898fb6ee8dea9a9c95cfaccb1568ce510113b2073ebaf0a1eb74 [none]
[debug] [2021-02-04T14:00:33.153Z] >>> [apiv2][body] POST https://upload-firebasehosting.googleapis.com/upload/sites/xenta-bcd61/versions/f4602ce353497c45/files/5b60947fad7f898fb6ee8dea9a9c95cfaccb1568ce510113b2073ebaf0a1eb74 [stream]
[debug] [2021-02-04T14:00:33.154Z] [uploadQueue] Retrying task ecdf9bd46a41af15c708c1945f87d1601ab2ed0c4907c00562b3b0184aae2f68
[debug] [2021-02-04T14:00:33.154Z] >>> [apiv2][query] POST https://upload-firebasehosting.googleapis.com/upload/sites/xenta-bcd61/versions/f4602ce353497c45/files/ecdf9bd46a41af15c708c1945f87d1601ab2ed0c4907c00562b3b0184aae2f68 [none]
[debug] [2021-02-04T14:00:33.154Z] >>> [apiv2][body] POST https://upload-firebasehosting.googleapis.com/upload/sites/xenta-bcd61/versions/f4602ce353497c45/files/ecdf9bd46a41af15c708c1945f87d1601ab2ed0c4907c00562b3b0184aae2f68 [stream]
[debug] [2021-02-04T14:00:33.155Z] [uploadQueue] Retrying task b2fc76675208a8e150bdd0c2152198995cddd0ddc4db582165d36661086895fb
[debug] [2021-02-04T14:00:33.156Z] >>> [apiv2][query] POST https://upload-firebasehosting.googleapis.com/upload/sites/xenta-bcd61/versions/f4602ce353497c45/files/b2fc76675208a8e150bdd0c2152198995cddd0ddc4db582165d36661086895fb [none]
[debug] [2021-02-04T14:00:33.156Z] >>> [apiv2][body] POST https://upload-firebasehosting.googleapis.com/upload/sites/xenta-bcd61/versions/f4602ce353497c45/files/b2fc76675208a8e150bdd0c2152198995cddd0ddc4db582165d36661086895fb [stream]
[debug] [2021-02-04T14:00:33.156Z] [uploadQueue] Retrying task 0c10357b0cba6514e05c9aa2f305d7a93dacab0668bdb646b5bfca93855c7d6e
[debug] [2021-02-04T14:00:33.157Z] >>> [apiv2][query] POST https://upload-firebasehosting.googleapis.com/upload/sites/xenta-bcd61/versions/f4602ce353497c45/files/0c10357b0cba6514e05c9aa2f305d7a93dacab0668bdb646b5bfca93855c7d6e [none]
[debug] [2021-02-04T14:00:33.157Z] >>> [apiv2][body] POST https://upload-firebasehosting.googleapis.com/upload/sites/xenta-bcd61/versions/f4602ce353497c45/files/0c10357b0cba6514e05c9aa2f305d7a93dacab0668bdb646b5bfca93855c7d6e [stream]
[debug] [2021-02-04T14:00:33.158Z] [uploadQueue] Retrying task 225e7b0ca9ff503e21d6d7fde753ffdb048bdc59f5e473ad8ad49b9329b26d17
[debug] [2021-02-04T14:00:33.158Z] >>> [apiv2][query] POST https://upload-firebasehosting.googleapis.com/upload/sites/xenta-bcd61/versions/f4602ce353497c45/files/225e7b0ca9ff503e21d6d7fde753ffdb048bdc59f5e473ad8ad49b9329b26d17 [none]
[debug] [2021-02-04T14:00:33.158Z] >>> [apiv2][body] POST https://upload-firebasehosting.googleapis.com/upload/sites/xenta-bcd61/versions/f4602ce353497c45/files/225e7b0ca9ff503e21d6d7fde753ffdb048bdc59f5e473ad8ad49b9329b26d17 [stream]
[debug] [2021-02-04T14:00:33.159Z] [uploadQueue] Retrying task d4e06ee0c288b7288ace83382c3192eec3d8d93181d783d71082ffb9c6423e91
[debug] [2021-02-04T14:00:33.159Z] >>> [apiv2][query] POST https://upload-firebasehosting.googleapis.com/upload/sites/xenta-bcd61/versions/f4602ce353497c45/files/d4e06ee0c288b7288ace83382c3192eec3d8d93181d783d71082ffb9c6423e91 [none]
[debug] [2021-02-04T14:00:33.159Z] >>> [apiv2][body] POST https://upload-firebasehosting.googleapis.com/upload/sites/xenta-bcd61/versions/f4602ce353497c45/files/d4e06ee0c288b7288ace83382c3192eec3d8d93181d783d71082ffb9c6423e91 [stream]
[debug] [2021-02-04T14:00:33.160Z] [uploadQueue] Retrying task c1e5ff844f63a67e0d0114771b062e416f17ef5f07a8bd9d4fa9d84d45719762
[debug] [2021-02-04T14:00:33.160Z] >>> [apiv2][query] POST https://upload-firebasehosting.googleapis.com/upload/sites/xenta-bcd61/versions/f4602ce353497c45/files/c1e5ff844f63a67e0d0114771b062e416f17ef5f07a8bd9d4fa9d84d45719762 [none]
[debug] [2021-02-04T14:00:33.161Z] >>> [apiv2][body] POST https://upload-firebasehosting.googleapis.com/upload/sites/xenta-bcd61/versions/f4602ce353497c45/files/c1e5ff844f63a67e0d0114771b062e416f17ef5f07a8bd9d4fa9d84d45719762 [stream]
[debug] [2021-02-04T14:00:33.162Z] [uploadQueue] Retrying task 6c53361874d22fb58c977420c84b95c85120d34f57fd314b01ba87e80c5d7def
[debug] [2021-02-04T14:00:33.162Z] >>> [apiv2][query] POST https://upload-firebasehosting.googleapis.com/upload/sites/xenta-bcd61/versions/f4602ce353497c45/files/6c53361874d22fb58c977420c84b95c85120d34f57fd314b01ba87e80c5d7def [none]
[debug] [2021-02-04T14:00:33.162Z] >>> [apiv2][body] POST https://upload-firebasehosting.googleapis.com/upload/sites/xenta-bcd61/versions/f4602ce353497c45/files/6c53361874d22fb58c977420c84b95c85120d34f57fd314b01ba87e80c5d7def [stream]
[debug] [2021-02-04T14:00:33.163Z] [uploadQueue] Retrying task 23eebbcde25cbb69feba002d6e689b161cdf898a272cd816c397457e2b9076f1
[debug] [2021-02-04T14:00:33.164Z] >>> [apiv2][query] POST https://upload-firebasehosting.googleapis.com/upload/sites/xenta-bcd61/versions/f4602ce353497c45/files/23eebbcde25cbb69feba002d6e689b161cdf898a272cd816c397457e2b9076f1 [none]
[debug] [2021-02-04T14:00:33.164Z] >>> [apiv2][body] POST https://upload-firebasehosting.googleapis.com/upload/sites/xenta-bcd61/versions/f4602ce353497c45/files/23eebbcde25cbb69feba002d6e689b161cdf898a272cd816c397457e2b9076f1 [stream]
[debug] [2021-02-04T14:00:33.164Z] [uploadQueue] Retrying task 4e2452bba96a27ceaee807f27db8abf1b0a6ba5aaeb7b82fda29ee2ac3964e7b
[debug] [2021-02-04T14:00:33.165Z] >>> [apiv2][query] POST https://upload-firebasehosting.googleapis.com/upload/sites/xenta-bcd61/versions/f4602ce353497c45/files/4e2452bba96a27ceaee807f27db8abf1b0a6ba5aaeb7b82fda29ee2ac3964e7b [none]
[debug] [2021-02-04T14:00:33.165Z] >>> [apiv2][body] POST https://upload-firebasehosting.googleapis.com/upload/sites/xenta-bcd61/versions/f4602ce353497c45/files/4e2452bba96a27ceaee807f27db8abf1b0a6ba5aaeb7b82fda29ee2ac3964e7b [stream]
[debug] [2021-02-04T14:00:33.166Z] [uploadQueue] Retrying task e6d79d12ed2f73ef029b046685194e5276b103bc3b7dc9a404d6ceb62a0b47a4
[debug] [2021-02-04T14:00:33.166Z] >>> [apiv2][query] POST https://upload-firebasehosting.googleapis.com/upload/sites/xenta-bcd61/versions/f4602ce353497c45/files/e6d79d12ed2f73ef029b046685194e5276b103bc3b7dc9a404d6ceb62a0b47a4 [none]
[debug] [2021-02-04T14:00:33.166Z] >>> [apiv2][body] POST https://upload-firebasehosting.googleapis.com/upload/sites/xenta-bcd61/versions/f4602ce353497c45/files/e6d79d12ed2f73ef029b046685194e5276b103bc3b7dc9a404d6ceb62a0b47a4 [stream]
[debug] [2021-02-04T14:00:33.167Z] [uploadQueue] Retrying task cd0961f1bf981a0efb7ec899b6d9831dc3d3c7c9060bc357deac770d63f53286
[debug] [2021-02-04T14:00:33.167Z] >>> [apiv2][query] POST https://upload-firebasehosting.googleapis.com/upload/sites/xenta-bcd61/versions/f4602ce353497c45/files/cd0961f1bf981a0efb7ec899b6d9831dc3d3c7c9060bc357deac770d63f53286 [none]
[debug] [2021-02-04T14:00:33.167Z] >>> [apiv2][body] POST https://upload-firebasehosting.googleapis.com/upload/sites/xenta-bcd61/versions/f4602ce353497c45/files/cd0961f1bf981a0efb7ec899b6d9831dc3d3c7c9060bc357deac770d63f53286 [stream]
[debug] [2021-02-04T14:00:33.169Z] [uploadQueue] Retrying task 016af15f1b308781acb3402d2c711446a358052687100f9f9408a21b17c95c57
[debug] [2021-02-04T14:00:33.169Z] >>> [apiv2][query] POST https://upload-firebasehosting.googleapis.com/upload/sites/xenta-bcd61/versions/f4602ce353497c45/files/016af15f1b308781acb3402d2c711446a358052687100f9f9408a21b17c95c57 [none]
[debug] [2021-02-04T14:00:33.169Z] >>> [apiv2][body] POST https://upload-firebasehosting.googleapis.com/upload/sites/xenta-bcd61/versions/f4602ce353497c45/files/016af15f1b308781acb3402d2c711446a358052687100f9f9408a21b17c95c57 [stream]
[debug] [2021-02-04T14:00:33.170Z] [uploadQueue] Retrying task 8df4216b86dff07f8a6af34f425201c585d6fea9774e753e8df2213f04669123
[debug] [2021-02-04T14:00:33.170Z] >>> [apiv2][query] POST https://upload-firebasehosting.googleapis.com/upload/sites/xenta-bcd61/versions/f4602ce353497c45/files/8df4216b86dff07f8a6af34f425201c585d6fea9774e753e8df2213f04669123 [none]
[debug] [2021-02-04T14:00:33.170Z] >>> [apiv2][body] POST https://upload-firebasehosting.googleapis.com/upload/sites/xenta-bcd61/versions/f4602ce353497c45/files/8df4216b86dff07f8a6af34f425201c585d6fea9774e753e8df2213f04669123 [stream]
[debug] [2021-02-04T14:00:33.171Z] [uploadQueue] Retrying task bdb55f184432ac6d5c133fbc5f519e8c2811a008e12cdb825ce7f210fc474c35
[debug] [2021-02-04T14:00:33.172Z] >>> [apiv2][query] POST https://upload-firebasehosting.googleapis.com/upload/sites/xenta-bcd61/versions/f4602ce353497c45/files/bdb55f184432ac6d5c133fbc5f519e8c2811a008e12cdb825ce7f210fc474c35 [none]
[debug] [2021-02-04T14:00:33.172Z] >>> [apiv2][body] POST https://upload-firebasehosting.googleapis.com/upload/sites/xenta-bcd61/versions/f4602ce353497c45/files/bdb55f184432ac6d5c133fbc5f519e8c2811a008e12cdb825ce7f210fc474c35 [stream]
[debug] [2021-02-04T14:00:38.573Z] [uploadQueue] Retrying task 90d908d696dc44b94bbfebbd1a91c15c283f4a8f60b1f7ae3f9e618fc1c3af1b
[debug] [2021-02-04T14:00:38.573Z] >>> [apiv2][query] POST https://upload-firebasehosting.googleapis.com/upload/sites/xenta-bcd61/versions/f4602ce353497c45/files/90d908d696dc44b94bbfebbd1a91c15c283f4a8f60b1f7ae3f9e618fc1c3af1b [none]
[debug] [2021-02-04T14:00:38.574Z] >>> [apiv2][body] POST https://upload-firebasehosting.googleapis.com/upload/sites/xenta-bcd61/versions/f4602ce353497c45/files/90d908d696dc44b94bbfebbd1a91c15c283f4a8f60b1f7ae3f9e618fc1c3af1b [stream]
[debug] [2021-02-04T14:00:38.633Z] [uploadQueue] Retrying task 5c9654d66e3d80f9c6f8c448abfb5b4170cc6ba1b2184851d0b23bcd3d22b29c
[debug] [2021-02-04T14:00:38.634Z] >>> [apiv2][query] POST https://upload-firebasehosting.googleapis.com/upload/sites/xenta-bcd61/versions/f4602ce353497c45/files/5c9654d66e3d80f9c6f8c448abfb5b4170cc6ba1b2184851d0b23bcd3d22b29c [none]
[debug] [2021-02-04T14:00:38.634Z] >>> [apiv2][body] POST https://upload-firebasehosting.googleapis.com/upload/sites/xenta-bcd61/versions/f4602ce353497c45/files/5c9654d66e3d80f9c6f8c448abfb5b4170cc6ba1b2184851d0b23bcd3d22b29c [stream]
[debug] [2021-02-04T14:00:38.798Z] [uploadQueue] Retrying task 10dfa8c6c33d2a15d0c2218b5251d2f53e1e4b834174c6598fd031bcf71b3c93
[debug] [2021-02-04T14:00:38.799Z] >>> [apiv2][query] POST https://upload-firebasehosting.googleapis.com/upload/sites/xenta-bcd61/versions/f4602ce353497c45/files/10dfa8c6c33d2a15d0c2218b5251d2f53e1e4b834174c6598fd031bcf71b3c93 [none]
[debug] [2021-02-04T14:00:38.799Z] >>> [apiv2][body] POST https://upload-firebasehosting.googleapis.com/upload/sites/xenta-bcd61/versions/f4602ce353497c45/files/10dfa8c6c33d2a15d0c2218b5251d2f53e1e4b834174c6598fd031bcf71b3c93 [stream]
[debug] [2021-02-04T14:00:43.016Z] [uploadQueue] Retrying task 325ee37a7440def1eac421c84c8744867c928ae57e583e105b8247534b4a2ca1
[debug] [2021-02-04T14:00:43.016Z] >>> [apiv2][query] POST https://upload-firebasehosting.googleapis.com/upload/sites/xenta-bcd61/versions/f4602ce353497c45/files/325ee37a7440def1eac421c84c8744867c928ae57e583e105b8247534b4a2ca1 [none]
[debug] [2021-02-04T14:00:43.017Z] >>> [apiv2][body] POST https://upload-firebasehosting.googleapis.com/upload/sites/xenta-bcd61/versions/f4602ce353497c45/files/325ee37a7440def1eac421c84c8744867c928ae57e583e105b8247534b4a2ca1 [stream]
